<?xml version="1.0" encoding="UTF-8"?>
<!-- Generated by org.testng.reporters.JUnitXMLReporter -->
<testsuite ignored="0" hostname="LTIN262643" failures="0" tests="12" name="Test" time="98.975" errors="0" timestamp="2024-02-09T00:48:43 IST">
  <testcase classname="TestCases.TC001_HomePageTest" name="test1" time="5.735"/>
  <testcase classname="TestCases.TC002_TravelDetailsTest" name="test2" time="2.711"/>
  <testcase classname="TestCases.TC002_TravelDetailsTest" name="test3" time="0.333"/>
  <testcase classname="TestCases.TC002_TravelDetailsTest" name="test4" time="6.032"/>
  <testcase classname="TestCases.TC002_TravelDetailsTest" name="test5" time="3.916"/>
  <testcase classname="TestCases.TC002_TravelDetailsTest" name="test6" time="0.705"/>
  <testcase classname="TestCases.TC002_TravelDetailsTest" name="test7" time="1.7"/>
  <testcase classname="TestCases.TC002_TravelDetailsTest" name="test8" time="15.519"/>
  <testcase classname="TestCases.TC003_CarInsuranceTest" name="test9" time="4.899"/>
  <testcase classname="TestCases.TC003_CarInsuranceTest" name="test10" time="12.667"/>
  <testcase classname="TestCases.TC003_CarInsuranceTest" name="test11" time="13.746"/>
  <testcase classname="TestCases.TC006_HealthInsuranceNewTest" name="test12" time="7.666"/>
</testsuite> <!-- Test -->
